<?xml version="1.0" encoding="UTF-8"?>
<!-- Generated by org.testng.reporters.JUnitReportReporter -->
<testsuite hostname="Bhabani_Pro" failures="0" tests="3" name="com.ecom.qa.testcases.MenPageTest" time="41.653" errors="0" timestamp="2024-03-31T10:22:49 IST" skipped="0">
  <testcase classname="com.ecom.qa.testcases.MenPageTest" name="validatePageTitle" time="15.410"/>
  <testcase classname="com.ecom.qa.testcases.MenPageTest" name="validatePageLabel" time="12.396"/>
  <testcase classname="com.ecom.qa.testcases.MenPageTest" name="clickMenLink" time="13.847"/>
</testsuite> <!-- com.ecom.qa.testcases.MenPageTest -->
