<?xml version="1.0" encoding="UTF-8"?>
<!-- Generated by org.testng.reporters.JUnitReportReporter -->
<testsuite hostname="Bhabani_Pro" failures="0" tests="3" name="com.ecom.qa.testcases.FragrancePageTest" time="38.375" errors="0" timestamp="2024-03-31T10:22:49 IST" skipped="0">
  <testcase classname="com.ecom.qa.testcases.FragrancePageTest" name="validatePageTitle" time="12.145"/>
  <testcase classname="com.ecom.qa.testcases.FragrancePageTest" name="validatePageLabel" time="13.354"/>
  <testcase classname="com.ecom.qa.testcases.FragrancePageTest" name="clickMenLink" time="12.876"/>
</testsuite> <!-- com.ecom.qa.testcases.FragrancePageTest -->
