<?xml version="1.0" encoding="UTF-8"?>
<!-- Generated by org.testng.reporters.JUnitReportReporter -->
<testsuite hostname="Bhabani_Pro" failures="0" tests="3" name="com.ecom.qa.testcases.LoginPageTest" time="25.919" errors="0" timestamp="2024-03-31T10:22:49 IST" skipped="0">
  <testcase classname="com.ecom.qa.testcases.LoginPageTest" name="loginPageTitleTest" time="6.008"/>
  <testcase classname="com.ecom.qa.testcases.LoginPageTest" name="qaFoxLogoImageTest" time="7.912"/>
  <testcase classname="com.ecom.qa.testcases.LoginPageTest" name="loginTest" time="11.999"/>
</testsuite> <!-- com.ecom.qa.testcases.LoginPageTest -->
