<?xml version="1.0" encoding="UTF-8"?>
<!-- Generated by org.testng.reporters.JUnitReportReporter -->
<testsuite hostname="Bhabani_Pro" failures="0" tests="3" name="com.ecom.qa.testcases.AccountPageTest" time="27.649" errors="0" timestamp="2024-03-31T10:22:49 IST" skipped="0">
  <testcase classname="com.ecom.qa.testcases.AccountPageTest" name="validateUserName" time="8.303"/>
  <testcase classname="com.ecom.qa.testcases.AccountPageTest" name="validateUserNameLabel" time="9.656"/>
  <testcase classname="com.ecom.qa.testcases.AccountPageTest" name="clickFragranceLink" time="9.690"/>
</testsuite> <!-- com.ecom.qa.testcases.AccountPageTest -->
